0 silly argv {
0 silly argv   _: [ 'version' ],
0 silly argv   lernaVersion: '5.2.0',
0 silly argv   '$0': '/Users/ninja/.nvm/npm_global/bin/lerna'
0 silly argv }
1 notice cli v5.2.0
2 verbose rootPath /Users/ninja/workspace/lerna-repo
3 info versioning independent
4 silly isAnythingCommitted
5 verbose isAnythingCommitted 1
6 silly getCurrentBranch
7 verbose currentBranch main
8 silly remoteBranchExists
9 silly isBehindUpstream
10 silly isBehindUpstream main is behind origin/main by 0 commit(s) and ahead by 0
11 silly hasTags
12 verbose hasTags false
13 info Assuming all packages changed
14 verbose updated app
15 verbose updated utils
16 verbose git-describe undefined => "7fa86fc"
17 silly git-describe parsed => {"refCount":"1","sha":"7fa86fc","isDirty":false}
18 silly independent for app at /Users/ninja/workspace/lerna-repo/packages/app
19 verbose getChangelogConfig using preset "conventional-changelog-angular"
20 silly npa Result {
20 silly npa   type: 'tag',
20 silly npa   registry: true,
20 silly npa   where: undefined,
20 silly npa   raw: 'conventional-changelog-angular',
20 silly npa   name: 'conventional-changelog-angular',
20 silly npa   escapedName: 'conventional-changelog-angular',
20 silly npa   scope: undefined,
20 silly npa   rawSpec: '',
20 silly npa   saveSpec: null,
20 silly npa   fetchSpec: 'latest',
20 silly npa   gitRange: undefined,
20 silly npa   gitCommittish: undefined,
20 silly npa   hosted: undefined
20 silly npa }
21 verbose getChangelogConfig Attempting to resolve preset "conventional-changelog-angular"
22 info getChangelogConfig Successfully resolved preset "conventional-changelog-angular"
23 verbose independent increment 1.0.0 by patch
24 silly independent for utils at /Users/ninja/workspace/lerna-repo/packages/utils
25 verbose independent increment 1.0.0 by patch
26 info execute Skipping releases
27 silly lifecycle No script for "preversion" in "@ninja/lerna-repo", continuing
28 silly lifecycle No script for "preversion" in "app", continuing
29 silly lifecycle No script for "preversion" in "utils", continuing
30 silly lifecycle No script for "version" in "utils", continuing
31 silly independent for utils at /Users/ninja/workspace/lerna-repo/packages/utils
32 silly lifecycle No script for "version" in "app", continuing
33 silly independent for app at /Users/ninja/workspace/lerna-repo/packages/app
34 silly independent writing new entry: "## 1.0.1 (2022-07-25)\n\n**Note:** Version bump only for package app\n\n\n\n"
35 silly independent writing new entry: "## 1.0.1 (2022-07-25)\n\n**Note:** Version bump only for package utils\n\n\n\n"
36 verbose independent wrote /Users/ninja/workspace/lerna-repo/packages/app/CHANGELOG.md
37 verbose independent wrote /Users/ninja/workspace/lerna-repo/packages/utils/CHANGELOG.md
38 silly lifecycle No script for "version" in "@ninja/lerna-repo", continuing
39 silly gitAdd [
39 silly gitAdd   'packages/utils/package.json',
39 silly gitAdd   'packages/app/package.json',
39 silly gitAdd   'packages/app/package-lock.json',
39 silly gitAdd   'packages/app/CHANGELOG.md',
39 silly gitAdd   'packages/utils/CHANGELOG.md'
39 silly gitAdd ]
40 error Error: Command failed with exit code 1: git add -- packages/utils/package.json packages/app/package.json packages/app/package-lock.json packages/app/CHANGELOG.md packages/utils/CHANGELOG.md
40 error The following paths are ignored by one of your .gitignore files:
40 error packages/app/package-lock.json
40 error Use -f if you really want to add them.
40 error     at makeError (/Users/ninja/workspace/lerna-repo/node_modules/execa/lib/error.js:60:11)
40 error     at handlePromise (/Users/ninja/workspace/lerna-repo/node_modules/execa/index.js:118:26)
40 error     at processTicksAndRejections (node:internal/process/task_queues:96:5)
40 error     at async Promise.all (index 0)
